<?xml version="1.0" encoding="UTF-8"?>
<testng-results skipped="0" failed="0" ignored="0" total="1" passed="1">
  <reporter-output>
  </reporter-output>
  <suite name="Default suite" duration-ms="20116" started-at="2022-03-08T18:04:27 BDT" finished-at="2022-03-08T18:04:48 BDT">
    <groups>
    </groups>
    <test name="Default test" duration-ms="20116" started-at="2022-03-08T18:04:27 BDT" finished-at="2022-03-08T18:04:48 BDT">
      <class name="testCases.Api_DemoTC">
        <test-method status="PASS" signature="myFirstCase()[pri:0, instance:testCases.Api_DemoTC@2eda0940]" name="myFirstCase" duration-ms="20064" started-at="2022-03-08T18:04:27 BDT" finished-at="2022-03-08T18:04:48 BDT">
          <reporter-output>
          </reporter-output>
        </test-method> <!-- myFirstCase -->
      </class> <!-- testCases.Api_DemoTC -->
    </test> <!-- Default test -->
  </suite> <!-- Default suite -->
</testng-results>
